{"/Users/jessicaarguello/Desktop/ChallengeUala/transaction-app/src/components/molecules/AmountRangeSlider/AmountRangeSlider.tsx": {"path":"/Users/jessicaarguello/Desktop/ChallengeUala/transaction-app/src/components/molecules/AmountRangeSlider/AmountRangeSlider.tsx","statementMap":{"0":{"start":{"line":1,"column":0},"end":{"line":1,"column":39}},"1":{"start":{"line":3,"column":0},"end":{"line":3,"column":59}},"2":{"start":{"line":9,"column":60},"end":{"line":38,"column":1}},"3":{"start":{"line":10,"column":20},"end":{"line":10,"column":21}},"4":{"start":{"line":11,"column":20},"end":{"line":11,"column":24}},"5":{"start":{"line":13,"column":34},"end":{"line":13,"column":61}},"6":{"start":{"line":15,"column":23},"end":{"line":19,"column":3}},"7":{"start":{"line":16,"column":19},"end":{"line":16,"column":64}},"8":{"start":{"line":17,"column":4},"end":{"line":17,"column":null}},"9":{"start":{"line":18,"column":4},"end":{"line":18,"column":null}},"10":{"start":{"line":21,"column":2},"end":{"line":37,"column":null}},"11":{"start":{"line":28,"column":23},"end":{"line":28,"column":59}},"12":{"start":{"line":40,"column":0},"end":{"line":40,"column":null}}},"fnMap":{"0":{"name":"(anonymous_9)","decl":{"start":{"line":9,"column":60},"end":{"line":9,"column":61}},"loc":{"start":{"line":9,"column":77},"end":{"line":38,"column":1}}},"1":{"name":"(anonymous_10)","decl":{"start":{"line":15,"column":23},"end":{"line":15,"column":24}},"loc":{"start":{"line":15,"column":39},"end":{"line":19,"column":3}}},"2":{"name":"(anonymous_11)","decl":{"start":{"line":28,"column":18},"end":{"line":28,"column":19}},"loc":{"start":{"line":28,"column":23},"end":{"line":28,"column":59}}}},"branchMap":{},"s":{"0":0,"1":0,"2":0,"3":0,"4":0,"5":0,"6":0,"7":0,"8":0,"9":0,"10":0,"11":0,"12":0},"f":{"0":0,"1":0,"2":0},"b":{}}
,"/Users/jessicaarguello/Desktop/ChallengeUala/transaction-app/src/components/molecules/DateRangePicker/DateRangePicker.tsx": {"path":"/Users/jessicaarguello/Desktop/ChallengeUala/transaction-app/src/components/molecules/DateRangePicker/DateRangePicker.tsx","statementMap":{"0":{"start":{"line":1,"column":0},"end":{"line":1,"column":32}},"1":{"start":{"line":2,"column":0},"end":{"line":2,"column":55}},"2":{"start":{"line":3,"column":0},"end":{"line":3,"column":44}},"3":{"start":{"line":4,"column":0},"end":{"line":4,"column":35}},"4":{"start":{"line":5,"column":0},"end":{"line":5,"column":61}},"5":{"start":{"line":15,"column":63},"end":{"line":72,"column":1}},"6":{"start":{"line":22,"column":28},"end":{"line":22,"column":73}},"7":{"start":{"line":24,"column":23},"end":{"line":27,"column":3}},"8":{"start":{"line":25,"column":4},"end":{"line":25,"column":null}},"9":{"start":{"line":26,"column":4},"end":{"line":26,"column":null}},"10":{"start":{"line":26,"column":18},"end":{"line":26,"column":null}},"11":{"start":{"line":29,"column":2},"end":{"line":71,"column":null}},"12":{"start":{"line":15,"column":13},"end":{"line":15,"column":63}}},"fnMap":{"0":{"name":"(anonymous_1)","decl":{"start":{"line":15,"column":63},"end":{"line":15,"column":64}},"loc":{"start":{"line":21,"column":5},"end":{"line":72,"column":1}}},"1":{"name":"(anonymous_2)","decl":{"start":{"line":24,"column":23},"end":{"line":24,"column":24}},"loc":{"start":{"line":24,"column":64},"end":{"line":27,"column":3}}}},"branchMap":{"0":{"loc":{"start":{"line":18,"column":2},"end":{"line":18,"column":16}},"type":"default-arg","locations":[{"start":{"line":18,"column":14},"end":{"line":18,"column":16}}]},"1":{"loc":{"start":{"line":26,"column":4},"end":{"line":26,"column":null}},"type":"if","locations":[{"start":{"line":26,"column":4},"end":{"line":26,"column":null}},{"start":{},"end":{}}]},"2":{"loc":{"start":{"line":34,"column":7},"end":{"line":40,"column":null}},"type":"binary-expr","locations":[{"start":{"line":34,"column":7},"end":{"line":34,"column":12}},{"start":{"line":35,"column":8},"end":{"line":39,"column":null}}]},"3":{"loc":{"start":{"line":69,"column":7},"end":{"line":69,"column":78}},"type":"binary-expr","locations":[{"start":{"line":69,"column":7},"end":{"line":69,"column":20}},{"start":{"line":69,"column":24},"end":{"line":69,"column":78}}]}},"s":{"0":0,"1":0,"2":0,"3":0,"4":0,"5":0,"6":0,"7":0,"8":0,"9":0,"10":0,"11":0,"12":0},"f":{"0":0,"1":0},"b":{"0":[0],"1":[0,0],"2":[0,0],"3":[0,0]}}
,"/Users/jessicaarguello/Desktop/ChallengeUala/transaction-app/src/components/molecules/FilterAmount/FilterAmount.tsx": {"path":"/Users/jessicaarguello/Desktop/ChallengeUala/transaction-app/src/components/molecules/FilterAmount/FilterAmount.tsx","statementMap":{"0":{"start":{"line":1,"column":0},"end":{"line":1,"column":25}},"1":{"start":{"line":3,"column":0},"end":{"line":3,"column":70}},"2":{"start":{"line":9,"column":50},"end":{"line":11,"column":1}},"3":{"start":{"line":10,"column":2},"end":{"line":10,"column":null}},"4":{"start":{"line":13,"column":0},"end":{"line":13,"column":null}}},"fnMap":{"0":{"name":"(anonymous_1)","decl":{"start":{"line":9,"column":50},"end":{"line":9,"column":51}},"loc":{"start":{"line":9,"column":67},"end":{"line":11,"column":1}}}},"branchMap":{},"s":{"0":0,"1":0,"2":0,"3":0,"4":0},"f":{"0":0},"b":{}}
,"/Users/jessicaarguello/Desktop/ChallengeUala/transaction-app/src/components/molecules/FilterChips/FilterChips.tsx": {"path":"/Users/jessicaarguello/Desktop/ChallengeUala/transaction-app/src/components/molecules/FilterChips/FilterChips.tsx","statementMap":{"0":{"start":{"line":1,"column":0},"end":{"line":1,"column":25}},"1":{"start":{"line":2,"column":0},"end":{"line":2,"column":40}},"2":{"start":{"line":10,"column":48},"end":{"line":39,"column":1}},"3":{"start":{"line":15,"column":2},"end":{"line":38,"column":null}},"4":{"start":{"line":18,"column":27},"end":{"line":18,"column":75}},"5":{"start":{"line":18,"column":48},"end":{"line":18,"column":74}},"6":{"start":{"line":20,"column":8},"end":{"line":35,"column":null}},"7":{"start":{"line":28,"column":27},"end":{"line":28,"column":43}},"8":{"start":{"line":41,"column":0},"end":{"line":41,"column":null}}},"fnMap":{"0":{"name":"(anonymous_1)","decl":{"start":{"line":10,"column":48},"end":{"line":10,"column":49}},"loc":{"start":{"line":14,"column":5},"end":{"line":39,"column":1}}},"1":{"name":"(anonymous_2)","decl":{"start":{"line":17,"column":19},"end":{"line":17,"column":25}},"loc":{"start":{"line":17,"column":28},"end":{"line":36,"column":7}}},"2":{"name":"(anonymous_3)","decl":{"start":{"line":18,"column":41},"end":{"line":18,"column":44}},"loc":{"start":{"line":18,"column":48},"end":{"line":18,"column":74}}},"3":{"name":"(anonymous_4)","decl":{"start":{"line":28,"column":21},"end":{"line":28,"column":24}},"loc":{"start":{"line":28,"column":27},"end":{"line":28,"column":43}}}},"branchMap":{"0":{"loc":{"start":{"line":24,"column":14},"end":{"line":26,"column":null}},"type":"cond-expr","locations":[{"start":{"line":25,"column":18},"end":{"line":25,"column":97}},{"start":{"line":26,"column":18},"end":{"line":26,"column":null}}]},"1":{"loc":{"start":{"line":31,"column":13},"end":{"line":32,"column":null}},"type":"binary-expr","locations":[{"start":{"line":31,"column":13},"end":{"line":31,"column":23}},{"start":{"line":32,"column":14},"end":{"line":32,"column":68}}]}},"s":{"0":0,"1":0,"2":0,"3":0,"4":0,"5":0,"6":0,"7":0,"8":0},"f":{"0":0,"1":0,"2":0,"3":0},"b":{"0":[0,0],"1":[0,0]}}
,"/Users/jessicaarguello/Desktop/ChallengeUala/transaction-app/src/components/molecules/FilterDate/FilterDate.tsx": {"path":"/Users/jessicaarguello/Desktop/ChallengeUala/transaction-app/src/components/molecules/FilterDate/FilterDate.tsx","statementMap":{"0":{"start":{"line":2,"column":0},"end":{"line":2,"column":68}},"1":{"start":{"line":3,"column":0},"end":{"line":3,"column":46}},"2":{"start":{"line":4,"column":0},"end":{"line":4,"column":25}},"3":{"start":{"line":10,"column":46},"end":{"line":27,"column":1}},"4":{"start":{"line":11,"column":2},"end":{"line":26,"column":null}},"5":{"start":{"line":29,"column":0},"end":{"line":29,"column":null}}},"fnMap":{"0":{"name":"(anonymous_1)","decl":{"start":{"line":10,"column":46},"end":{"line":10,"column":47}},"loc":{"start":{"line":10,"column":63},"end":{"line":27,"column":1}}}},"branchMap":{},"s":{"0":0,"1":0,"2":0,"3":0,"4":0,"5":0},"f":{"0":0},"b":{}}
,"/Users/jessicaarguello/Desktop/ChallengeUala/transaction-app/src/components/molecules/FilterOption/FilterOption.tsx": {"path":"/Users/jessicaarguello/Desktop/ChallengeUala/transaction-app/src/components/molecules/FilterOption/FilterOption.tsx","statementMap":{"0":{"start":{"line":1,"column":0},"end":{"line":1,"column":66}},"1":{"start":{"line":11,"column":50},"end":{"line":59,"column":1}},"2":{"start":{"line":18,"column":34},"end":{"line":18,"column":49}},"3":{"start":{"line":20,"column":23},"end":{"line":26,"column":3}},"4":{"start":{"line":21,"column":4},"end":{"line":25,"column":null}},"5":{"start":{"line":22,"column":23},"end":{"line":22,"column":28}},"6":{"start":{"line":23,"column":6},"end":{"line":23,"column":null}},"7":{"start":{"line":24,"column":6},"end":{"line":24,"column":null}},"8":{"start":{"line":28,"column":2},"end":{"line":30,"column":null}},"9":{"start":{"line":29,"column":4},"end":{"line":29,"column":null}},"10":{"start":{"line":32,"column":2},"end":{"line":58,"column":null}},"11":{"start":{"line":61,"column":0},"end":{"line":61,"column":null}}},"fnMap":{"0":{"name":"(anonymous_9)","decl":{"start":{"line":11,"column":50},"end":{"line":11,"column":51}},"loc":{"start":{"line":17,"column":5},"end":{"line":59,"column":1}}},"1":{"name":"(anonymous_10)","decl":{"start":{"line":20,"column":23},"end":{"line":20,"column":26}},"loc":{"start":{"line":20,"column":28},"end":{"line":26,"column":3}}},"2":{"name":"(anonymous_11)","decl":{"start":{"line":21,"column":16},"end":{"line":21,"column":20}},"loc":{"start":{"line":21,"column":23},"end":{"line":25,"column":5}}},"3":{"name":"(anonymous_12)","decl":{"start":{"line":28,"column":12},"end":{"line":28,"column":15}},"loc":{"start":{"line":28,"column":17},"end":{"line":30,"column":3}}}},"branchMap":{"0":{"loc":{"start":{"line":45,"column":12},"end":{"line":45,"column":null}},"type":"cond-expr","locations":[{"start":{"line":45,"column":23},"end":{"line":45,"column":40}},{"start":{"line":45,"column":43},"end":{"line":45,"column":null}}]},"1":{"loc":{"start":{"line":50,"column":14},"end":{"line":50,"column":null}},"type":"cond-expr","locations":[{"start":{"line":50,"column":25},"end":{"line":50,"column":40}},{"start":{"line":50,"column":43},"end":{"line":50,"column":null}}]},"2":{"loc":{"start":{"line":56,"column":7},"end":{"line":56,"column":79}},"type":"binary-expr","locations":[{"start":{"line":56,"column":7},"end":{"line":56,"column":15}},{"start":{"line":56,"column":19},"end":{"line":56,"column":27}},{"start":{"line":56,"column":31},"end":{"line":56,"column":79}}]}},"s":{"0":1,"1":1,"2":13,"3":13,"4":4,"5":4,"6":4,"7":4,"8":13,"9":5,"10":13,"11":1},"f":{"0":13,"1":4,"2":4,"3":5},"b":{"0":[7,6],"1":[7,6],"2":[13,7,5]}}
,"/Users/jessicaarguello/Desktop/ChallengeUala/transaction-app/src/components/molecules/InfoCard/InfoCard.tsx": {"path":"/Users/jessicaarguello/Desktop/ChallengeUala/transaction-app/src/components/molecules/InfoCard/InfoCard.tsx","statementMap":{"0":{"start":{"line":1,"column":0},"end":{"line":1,"column":25}},"1":{"start":{"line":10,"column":42},"end":{"line":24,"column":1}},"2":{"start":{"line":16,"column":2},"end":{"line":23,"column":null}},"3":{"start":{"line":26,"column":0},"end":{"line":26,"column":null}}},"fnMap":{"0":{"name":"(anonymous_1)","decl":{"start":{"line":10,"column":42},"end":{"line":10,"column":43}},"loc":{"start":{"line":15,"column":5},"end":{"line":24,"column":1}}}},"branchMap":{"0":{"loc":{"start":{"line":12,"column":2},"end":{"line":12,"column":10}},"type":"default-arg","locations":[{"start":{"line":12,"column":8},"end":{"line":12,"column":10}}]}},"s":{"0":0,"1":0,"2":0,"3":0},"f":{"0":0},"b":{"0":[0]}}
,"/Users/jessicaarguello/Desktop/ChallengeUala/transaction-app/src/components/molecules/InformativeAlert/InformativeAlert.tsx": {"path":"/Users/jessicaarguello/Desktop/ChallengeUala/transaction-app/src/components/molecules/InformativeAlert/InformativeAlert.tsx","statementMap":{"0":{"start":{"line":1,"column":0},"end":{"line":1,"column":25}},"1":{"start":{"line":8,"column":65},"end":{"line":19,"column":1}},"2":{"start":{"line":12,"column":2},"end":{"line":18,"column":null}},"3":{"start":{"line":8,"column":13},"end":{"line":8,"column":65}}},"fnMap":{"0":{"name":"(anonymous_1)","decl":{"start":{"line":8,"column":65},"end":{"line":8,"column":66}},"loc":{"start":{"line":11,"column":5},"end":{"line":19,"column":1}}}},"branchMap":{},"s":{"0":0,"1":0,"2":0,"3":0},"f":{"0":0},"b":{}}
,"/Users/jessicaarguello/Desktop/ChallengeUala/transaction-app/src/components/molecules/NavBar/NavBar.tsx": {"path":"/Users/jessicaarguello/Desktop/ChallengeUala/transaction-app/src/components/molecules/NavBar/NavBar.tsx","statementMap":{"0":{"start":{"line":1,"column":0},"end":{"line":1,"column":73}},"1":{"start":{"line":2,"column":0},"end":{"line":2,"column":44}},"2":{"start":{"line":4,"column":15},"end":{"line":12,"column":null}},"3":{"start":{"line":5,"column":2},"end":{"line":11,"column":null}},"4":{"start":{"line":6,"column":48},"end":{"line":6,"column":70}},"5":{"start":{"line":15,"column":0},"end":{"line":15,"column":null}}},"fnMap":{"0":{"name":"(anonymous_1)","decl":{"start":{"line":4,"column":15},"end":{"line":4,"column":16}},"loc":{"start":{"line":5,"column":2},"end":{"line":11,"column":null}}},"1":{"name":"(anonymous_2)","decl":{"start":{"line":6,"column":42},"end":{"line":6,"column":45}},"loc":{"start":{"line":6,"column":48},"end":{"line":6,"column":70}}}},"branchMap":{},"s":{"0":0,"1":0,"2":0,"3":0,"4":0,"5":0},"f":{"0":0,"1":0},"b":{}}
,"/Users/jessicaarguello/Desktop/ChallengeUala/transaction-app/src/components/molecules/Sidebar/Sidebar.tsx": {"path":"/Users/jessicaarguello/Desktop/ChallengeUala/transaction-app/src/components/molecules/Sidebar/Sidebar.tsx","statementMap":{"0":{"start":{"line":1,"column":0},"end":{"line":1,"column":52}},"1":{"start":{"line":2,"column":0},"end":{"line":2,"column":55}},"2":{"start":{"line":3,"column":0},"end":{"line":3,"column":59}},"3":{"start":{"line":4,"column":0},"end":{"line":4,"column":44}},"4":{"start":{"line":5,"column":0},"end":{"line":5,"column":65}},"5":{"start":{"line":11,"column":40},"end":{"line":42,"column":1}},"6":{"start":{"line":12,"column":2},"end":{"line":41,"column":null}},"7":{"start":{"line":44,"column":0},"end":{"line":44,"column":null}}},"fnMap":{"0":{"name":"(anonymous_1)","decl":{"start":{"line":11,"column":40},"end":{"line":11,"column":41}},"loc":{"start":{"line":11,"column":57},"end":{"line":42,"column":1}}}},"branchMap":{"0":{"loc":{"start":{"line":15,"column":9},"end":{"line":18,"column":null}},"type":"binary-expr","locations":[{"start":{"line":15,"column":9},"end":{"line":15,"column":18}},{"start":{"line":16,"column":10},"end":{"line":17,"column":null}}]}},"s":{"0":0,"1":0,"2":0,"3":0,"4":0,"5":0,"6":0,"7":0},"f":{"0":0},"b":{"0":[0,0]}}
,"/Users/jessicaarguello/Desktop/ChallengeUala/transaction-app/src/components/molecules/SkeletonTransactionList/SkeletonTransactionList.tsx": {"path":"/Users/jessicaarguello/Desktop/ChallengeUala/transaction-app/src/components/molecules/SkeletonTransactionList/SkeletonTransactionList.tsx","statementMap":{"0":{"start":{"line":1,"column":49},"end":{"line":18,"column":1}},"1":{"start":{"line":2,"column":2},"end":{"line":17,"column":null}},"2":{"start":{"line":5,"column":8},"end":{"line":6,"column":null}},"3":{"start":{"line":1,"column":13},"end":{"line":1,"column":49}}},"fnMap":{"0":{"name":"(anonymous_0)","decl":{"start":{"line":1,"column":49},"end":{"line":1,"column":52}},"loc":{"start":{"line":1,"column":54},"end":{"line":18,"column":1}}},"1":{"name":"(anonymous_1)","decl":{"start":{"line":4,"column":37},"end":{"line":4,"column":38}},"loc":{"start":{"line":5,"column":8},"end":{"line":6,"column":null}}}},"branchMap":{},"s":{"0":0,"1":0,"2":0,"3":0},"f":{"0":0,"1":0},"b":{}}
,"/Users/jessicaarguello/Desktop/ChallengeUala/transaction-app/src/components/molecules/SummaryTabs/SummaryTabs.tsx": {"path":"/Users/jessicaarguello/Desktop/ChallengeUala/transaction-app/src/components/molecules/SummaryTabs/SummaryTabs.tsx","statementMap":{"0":{"start":{"line":1,"column":0},"end":{"line":1,"column":41}},"1":{"start":{"line":2,"column":0},"end":{"line":2,"column":null}},"2":{"start":{"line":10,"column":0},"end":{"line":10,"column":52}},"3":{"start":{"line":11,"column":0},"end":{"line":11,"column":67}},"4":{"start":{"line":12,"column":0},"end":{"line":12,"column":77}},"5":{"start":{"line":13,"column":0},"end":{"line":13,"column":78}},"6":{"start":{"line":15,"column":20},"end":{"line":117,"column":1}},"7":{"start":{"line":18,"column":6},"end":{"line":18,"column":30}},"8":{"start":{"line":20,"column":15},"end":{"line":20,"column":47}},"9":{"start":{"line":21,"column":40},"end":{"line":21,"column":51}},"10":{"start":{"line":23,"column":24},"end":{"line":34,"column":19}},"11":{"start":{"line":24,"column":4},"end":{"line":33,"column":5}},"12":{"start":{"line":26,"column":8},"end":{"line":26,"column":null}},"13":{"start":{"line":28,"column":8},"end":{"line":28,"column":null}},"14":{"start":{"line":30,"column":8},"end":{"line":30,"column":null}},"15":{"start":{"line":32,"column":8},"end":{"line":32,"column":null}},"16":{"start":{"line":36,"column":31},"end":{"line":62,"column":35}},"17":{"start":{"line":37,"column":4},"end":{"line":37,"column":null}},"18":{"start":{"line":37,"column":23},"end":{"line":37,"column":null}},"19":{"start":{"line":39,"column":18},"end":{"line":39,"column":28}},"20":{"start":{"line":41,"column":24},"end":{"line":41,"column":29}},"21":{"start":{"line":43,"column":4},"end":{"line":56,"column":5}},"22":{"start":{"line":45,"column":8},"end":{"line":45,"column":null}},"23":{"start":{"line":46,"column":8},"end":{"line":46,"column":null}},"24":{"start":{"line":47,"column":8},"end":{"line":47,"column":13}},"25":{"start":{"line":49,"column":8},"end":{"line":49,"column":null}},"26":{"start":{"line":50,"column":8},"end":{"line":50,"column":13}},"27":{"start":{"line":52,"column":8},"end":{"line":52,"column":null}},"28":{"start":{"line":53,"column":8},"end":{"line":53,"column":13}},"29":{"start":{"line":55,"column":8},"end":{"line":55,"column":null}},"30":{"start":{"line":58,"column":4},"end":{"line":61,"column":null}},"31":{"start":{"line":59,"column":21},"end":{"line":59,"column":43}},"32":{"start":{"line":60,"column":6},"end":{"line":60,"column":null}},"33":{"start":{"line":64,"column":22},"end":{"line":66,"column":28}},"34":{"start":{"line":65,"column":4},"end":{"line":65,"column":null}},"35":{"start":{"line":65,"column":52},"end":{"line":65,"column":67}},"36":{"start":{"line":68,"column":31},"end":{"line":68,"column":72}},"37":{"start":{"line":70,"column":2},"end":{"line":116,"column":null}},"38":{"start":{"line":78,"column":10},"end":{"line":79,"column":null}},"39":{"start":{"line":83,"column":27},"end":{"line":83,"column":48}},"40":{"start":{"line":119,"column":0},"end":{"line":119,"column":null}}},"fnMap":{"0":{"name":"(anonymous_1)","decl":{"start":{"line":15,"column":20},"end":{"line":15,"column":23}},"loc":{"start":{"line":15,"column":25},"end":{"line":117,"column":1}}},"1":{"name":"(anonymous_2)","decl":{"start":{"line":23,"column":32},"end":{"line":23,"column":35}},"loc":{"start":{"line":23,"column":37},"end":{"line":34,"column":3}}},"2":{"name":"(anonymous_3)","decl":{"start":{"line":36,"column":39},"end":{"line":36,"column":42}},"loc":{"start":{"line":36,"column":44},"end":{"line":62,"column":3}}},"3":{"name":"(anonymous_4)","decl":{"start":{"line":58,"column":31},"end":{"line":58,"column":33}},"loc":{"start":{"line":58,"column":36},"end":{"line":61,"column":5}}},"4":{"name":"(anonymous_5)","decl":{"start":{"line":64,"column":30},"end":{"line":64,"column":33}},"loc":{"start":{"line":64,"column":35},"end":{"line":66,"column":3}}},"5":{"name":"(anonymous_6)","decl":{"start":{"line":65,"column":39},"end":{"line":65,"column":40}},"loc":{"start":{"line":65,"column":52},"end":{"line":65,"column":67}}},"6":{"name":"(anonymous_7)","decl":{"start":{"line":77,"column":18},"end":{"line":77,"column":19}},"loc":{"start":{"line":78,"column":10},"end":{"line":79,"column":null}}},"7":{"name":"(anonymous_8)","decl":{"start":{"line":83,"column":21},"end":{"line":83,"column":24}},"loc":{"start":{"line":83,"column":27},"end":{"line":83,"column":48}}}},"branchMap":{"0":{"loc":{"start":{"line":24,"column":4},"end":{"line":33,"column":5}},"type":"switch","locations":[{"start":{"line":25,"column":6},"end":{"line":26,"column":null}},{"start":{"line":27,"column":6},"end":{"line":28,"column":null}},{"start":{"line":29,"column":6},"end":{"line":30,"column":null}},{"start":{"line":31,"column":6},"end":{"line":32,"column":null}}]},"1":{"loc":{"start":{"line":37,"column":4},"end":{"line":37,"column":null}},"type":"if","locations":[{"start":{"line":37,"column":4},"end":{"line":37,"column":null}},{"start":{},"end":{}}]},"2":{"loc":{"start":{"line":43,"column":4},"end":{"line":56,"column":5}},"type":"switch","locations":[{"start":{"line":44,"column":6},"end":{"line":47,"column":13}},{"start":{"line":48,"column":6},"end":{"line":50,"column":13}},{"start":{"line":51,"column":6},"end":{"line":53,"column":13}},{"start":{"line":54,"column":6},"end":{"line":55,"column":null}}]},"3":{"loc":{"start":{"line":81,"column":14},"end":{"line":81,"column":null}},"type":"cond-expr","locations":[{"start":{"line":81,"column":38},"end":{"line":81,"column":53}},{"start":{"line":81,"column":56},"end":{"line":81,"column":null}}]},"4":{"loc":{"start":{"line":91,"column":9},"end":{"line":103,"column":null}},"type":"cond-expr","locations":[{"start":{"line":92,"column":10},"end":{"line":92,"column":99}},{"start":{"line":94,"column":10},"end":{"line":102,"column":null}}]},"5":{"loc":{"start":{"line":98,"column":13},"end":{"line":101,"column":null}},"type":"binary-expr","locations":[{"start":{"line":98,"column":13},"end":{"line":98,"column":20}},{"start":{"line":99,"column":14},"end":{"line":100,"column":null}}]}},"s":{"0":1,"1":1,"2":1,"3":1,"4":1,"5":1,"6":1,"7":6,"8":6,"9":6,"10":6,"11":6,"12":1,"13":5,"14":0,"15":0,"16":6,"17":6,"18":0,"19":6,"20":6,"21":6,"22":1,"23":1,"24":1,"25":5,"26":5,"27":0,"28":0,"29":0,"30":6,"31":12,"32":12,"33":6,"34":6,"35":12,"36":6,"37":6,"38":18,"39":1,"40":1},"f":{"0":6,"1":6,"2":6,"3":12,"4":6,"5":12,"6":18,"7":1},"b":{"0":[1,5,0,0],"1":[0,6],"2":[1,5,0,0],"3":[6,12],"4":[0,6],"5":[6,6]}}
,"/Users/jessicaarguello/Desktop/ChallengeUala/transaction-app/src/components/molecules/TransactionItem/TransactionItem.tsx": {"path":"/Users/jessicaarguello/Desktop/ChallengeUala/transaction-app/src/components/molecules/TransactionItem/TransactionItem.tsx","statementMap":{"0":{"start":{"line":1,"column":0},"end":{"line":1,"column":55}},"1":{"start":{"line":4,"column":0},"end":{"line":4,"column":43}},"2":{"start":{"line":6,"column":0},"end":{"line":6,"column":71}},"3":{"start":{"line":13,"column":63},"end":{"line":46,"column":1}},"4":{"start":{"line":18,"column":4},"end":{"line":20,"column":29}},"5":{"start":{"line":19,"column":23},"end":{"line":19,"column":72}},"6":{"start":{"line":22,"column":2},"end":{"line":45,"column":null}},"7":{"start":{"line":13,"column":13},"end":{"line":13,"column":63}}},"fnMap":{"0":{"name":"(anonymous_1)","decl":{"start":{"line":13,"column":63},"end":{"line":13,"column":64}},"loc":{"start":{"line":16,"column":5},"end":{"line":46,"column":1}}},"1":{"name":"(anonymous_2)","decl":{"start":{"line":19,"column":6},"end":{"line":19,"column":19}},"loc":{"start":{"line":19,"column":23},"end":{"line":19,"column":72}}}},"branchMap":{"0":{"loc":{"start":{"line":18,"column":4},"end":{"line":20,"column":29}},"type":"binary-expr","locations":[{"start":{"line":18,"column":4},"end":{"line":20,"column":12}},{"start":{"line":20,"column":16},"end":{"line":20,"column":29}}]}},"s":{"0":1,"1":1,"2":1,"3":1,"4":5,"5":5,"6":5,"7":1},"f":{"0":5,"1":5},"b":{"0":[5,0]}}
,"/Users/jessicaarguello/Desktop/ChallengeUala/transaction-app/src/components/molecules/UserHeader/UserHeader.tsx": {"path":"/Users/jessicaarguello/Desktop/ChallengeUala/transaction-app/src/components/molecules/UserHeader/UserHeader.tsx","statementMap":{"0":{"start":{"line":6,"column":46},"end":{"line":13,"column":null}},"1":{"start":{"line":7,"column":2},"end":{"line":12,"column":null}},"2":{"start":{"line":16,"column":0},"end":{"line":16,"column":null}}},"fnMap":{"0":{"name":"(anonymous_0)","decl":{"start":{"line":6,"column":46},"end":{"line":6,"column":47}},"loc":{"start":{"line":7,"column":2},"end":{"line":12,"column":null}}}},"branchMap":{},"s":{"0":0,"1":0,"2":0},"f":{"0":0},"b":{}}
,"/Users/jessicaarguello/Desktop/ChallengeUala/transaction-app/src/components/organisms/DownloadApp/DownloadApp.tsx": {"path":"/Users/jessicaarguello/Desktop/ChallengeUala/transaction-app/src/components/organisms/DownloadApp/DownloadApp.tsx","statementMap":{"0":{"start":{"line":1,"column":0},"end":{"line":1,"column":25}},"1":{"start":{"line":2,"column":0},"end":{"line":2,"column":68}},"2":{"start":{"line":3,"column":0},"end":{"line":3,"column":70}},"3":{"start":{"line":5,"column":30},"end":{"line":22,"column":1}},"4":{"start":{"line":6,"column":2},"end":{"line":21,"column":null}},"5":{"start":{"line":24,"column":0},"end":{"line":24,"column":null}}},"fnMap":{"0":{"name":"(anonymous_1)","decl":{"start":{"line":5,"column":30},"end":{"line":5,"column":33}},"loc":{"start":{"line":5,"column":35},"end":{"line":22,"column":1}}}},"branchMap":{},"s":{"0":1,"1":1,"2":1,"3":1,"4":3,"5":1},"f":{"0":3},"b":{}}
,"/Users/jessicaarguello/Desktop/ChallengeUala/transaction-app/src/components/organisms/FilterOptionList/FilterOptionList.tsx": {"path":"/Users/jessicaarguello/Desktop/ChallengeUala/transaction-app/src/components/organisms/FilterOptionList/FilterOptionList.tsx","statementMap":{"0":{"start":{"line":3,"column":0},"end":{"line":3,"column":74}},"1":{"start":{"line":5,"column":0},"end":{"line":5,"column":68}},"2":{"start":{"line":6,"column":0},"end":{"line":6,"column":65}},"3":{"start":{"line":7,"column":0},"end":{"line":7,"column":62}},"4":{"start":{"line":8,"column":0},"end":{"line":8,"column":68}},"5":{"start":{"line":29,"column":60},"end":{"line":136,"column":1}},"6":{"start":{"line":41,"column":30},"end":{"line":117,"column":3}},"7":{"start":{"line":42,"column":4},"end":{"line":116,"column":5}},"8":{"start":{"line":44,"column":8},"end":{"line":44,"column":null}},"9":{"start":{"line":47,"column":8},"end":{"line":67,"column":null}},"10":{"start":{"line":52,"column":14},"end":{"line":64,"column":15}},"11":{"start":{"line":53,"column":16},"end":{"line":56,"column":null}},"12":{"start":{"line":58,"column":35},"end":{"line":59,"column":null}},"13":{"start":{"line":59,"column":23},"end":{"line":59,"column":40}},"14":{"start":{"line":61,"column":16},"end":{"line":63,"column":null}},"15":{"start":{"line":62,"column":18},"end":{"line":62,"column":68}},"16":{"start":{"line":70,"column":8},"end":{"line":93,"column":null}},"17":{"start":{"line":78,"column":14},"end":{"line":90,"column":15}},"18":{"start":{"line":79,"column":16},"end":{"line":82,"column":null}},"19":{"start":{"line":84,"column":35},"end":{"line":85,"column":null}},"20":{"start":{"line":85,"column":23},"end":{"line":85,"column":40}},"21":{"start":{"line":87,"column":16},"end":{"line":89,"column":null}},"22":{"start":{"line":88,"column":18},"end":{"line":88,"column":75}},"23":{"start":{"line":96,"column":8},"end":{"line":96,"column":null}},"24":{"start":{"line":99,"column":8},"end":{"line":112,"column":null}},"25":{"start":{"line":104,"column":14},"end":{"line":108,"column":null}},"26":{"start":{"line":108,"column":18},"end":{"line":108,"column":77}},"27":{"start":{"line":115,"column":8},"end":{"line":115,"column":null}},"28":{"start":{"line":119,"column":2},"end":{"line":135,"column":null}},"29":{"start":{"line":122,"column":8},"end":{"line":123,"column":null}},"30":{"start":{"line":128,"column":12},"end":{"line":128,"column":null}},"31":{"start":{"line":128,"column":25},"end":{"line":128,"column":null}},"32":{"start":{"line":138,"column":0},"end":{"line":138,"column":null}}},"fnMap":{"0":{"name":"(anonymous_1)","decl":{"start":{"line":29,"column":60},"end":{"line":29,"column":61}},"loc":{"start":{"line":40,"column":5},"end":{"line":136,"column":1}}},"1":{"name":"(anonymous_2)","decl":{"start":{"line":41,"column":30},"end":{"line":41,"column":31}},"loc":{"start":{"line":41,"column":61},"end":{"line":117,"column":3}}},"2":{"name":"(anonymous_3)","decl":{"start":{"line":51,"column":22},"end":{"line":51,"column":36}},"loc":{"start":{"line":51,"column":39},"end":{"line":65,"column":13}}},"3":{"name":"(anonymous_4)","decl":{"start":{"line":59,"column":18},"end":{"line":59,"column":19}},"loc":{"start":{"line":59,"column":23},"end":{"line":59,"column":40}}},"4":{"name":"(anonymous_5)","decl":{"start":{"line":61,"column":61},"end":{"line":61,"column":68}},"loc":{"start":{"line":62,"column":18},"end":{"line":62,"column":68}}},"5":{"name":"(anonymous_6)","decl":{"start":{"line":77,"column":22},"end":{"line":77,"column":36}},"loc":{"start":{"line":77,"column":39},"end":{"line":91,"column":13}}},"6":{"name":"(anonymous_7)","decl":{"start":{"line":85,"column":18},"end":{"line":85,"column":19}},"loc":{"start":{"line":85,"column":23},"end":{"line":85,"column":40}}},"7":{"name":"(anonymous_8)","decl":{"start":{"line":87,"column":61},"end":{"line":87,"column":68}},"loc":{"start":{"line":88,"column":18},"end":{"line":88,"column":75}}},"8":{"name":"(anonymous_9)","decl":{"start":{"line":103,"column":22},"end":{"line":103,"column":36}},"loc":{"start":{"line":104,"column":14},"end":{"line":108,"column":null}}},"9":{"name":"(anonymous_10)","decl":{"start":{"line":107,"column":16},"end":{"line":107,"column":23}},"loc":{"start":{"line":108,"column":18},"end":{"line":108,"column":77}}},"10":{"name":"(anonymous_11)","decl":{"start":{"line":121,"column":19},"end":{"line":121,"column":25}},"loc":{"start":{"line":122,"column":8},"end":{"line":123,"column":null}}},"11":{"name":"(anonymous_12)","decl":{"start":{"line":127,"column":20},"end":{"line":127,"column":26}},"loc":{"start":{"line":127,"column":29},"end":{"line":129,"column":11}}}},"branchMap":{"0":{"loc":{"start":{"line":42,"column":4},"end":{"line":116,"column":5}},"type":"switch","locations":[{"start":{"line":43,"column":6},"end":{"line":44,"column":null}},{"start":{"line":46,"column":6},"end":{"line":67,"column":null}},{"start":{"line":69,"column":6},"end":{"line":93,"column":null}},{"start":{"line":95,"column":6},"end":{"line":96,"column":null}},{"start":{"line":98,"column":6},"end":{"line":112,"column":null}},{"start":{"line":114,"column":6},"end":{"line":115,"column":null}}]},"1":{"loc":{"start":{"line":50,"column":22},"end":{"line":50,"column":45}},"type":"binary-expr","locations":[{"start":{"line":50,"column":22},"end":{"line":50,"column":39}},{"start":{"line":50,"column":43},"end":{"line":50,"column":45}}]},"2":{"loc":{"start":{"line":52,"column":14},"end":{"line":64,"column":15}},"type":"if","locations":[{"start":{"line":52,"column":14},"end":{"line":64,"column":15}},{"start":{"line":57,"column":21},"end":{"line":64,"column":15}}]},"3":{"loc":{"start":{"line":58,"column":36},"end":{"line":58,"column":59}},"type":"binary-expr","locations":[{"start":{"line":58,"column":36},"end":{"line":58,"column":53}},{"start":{"line":58,"column":57},"end":{"line":58,"column":59}}]},"4":{"loc":{"start":{"line":76,"column":22},"end":{"line":76,"column":52}},"type":"binary-expr","locations":[{"start":{"line":76,"column":22},"end":{"line":76,"column":46}},{"start":{"line":76,"column":50},"end":{"line":76,"column":52}}]},"5":{"loc":{"start":{"line":78,"column":14},"end":{"line":90,"column":15}},"type":"if","locations":[{"start":{"line":78,"column":14},"end":{"line":90,"column":15}},{"start":{"line":83,"column":21},"end":{"line":90,"column":15}}]},"6":{"loc":{"start":{"line":84,"column":36},"end":{"line":84,"column":66}},"type":"binary-expr","locations":[{"start":{"line":84,"column":36},"end":{"line":84,"column":60}},{"start":{"line":84,"column":64},"end":{"line":84,"column":66}}]},"7":{"loc":{"start":{"line":102,"column":22},"end":{"line":102,"column":54}},"type":"binary-expr","locations":[{"start":{"line":102,"column":22},"end":{"line":102,"column":48}},{"start":{"line":102,"column":52},"end":{"line":102,"column":54}}]},"8":{"loc":{"start":{"line":106,"column":16},"end":{"line":106,"column":48}},"type":"binary-expr","locations":[{"start":{"line":106,"column":16},"end":{"line":106,"column":42}},{"start":{"line":106,"column":46},"end":{"line":106,"column":48}}]},"9":{"loc":{"start":{"line":128,"column":12},"end":{"line":128,"column":null}},"type":"if","locations":[{"start":{"line":128,"column":12},"end":{"line":128,"column":null}},{"start":{},"end":{}}]}},"s":{"0":1,"1":1,"2":1,"3":1,"4":1,"5":1,"6":6,"7":30,"8":6,"9":6,"10":2,"11":1,"12":1,"13":0,"14":1,"15":0,"16":6,"17":2,"18":1,"19":1,"20":0,"21":1,"22":0,"23":6,"24":6,"25":1,"26":0,"27":0,"28":6,"29":30,"30":5,"31":5,"32":1},"f":{"0":6,"1":30,"2":2,"3":0,"4":0,"5":2,"6":0,"7":0,"8":1,"9":0,"10":30,"11":5},"b":{"0":[6,6,6,6,6,0],"1":[6,0],"2":[1,1],"3":[1,0],"4":[6,0],"5":[1,1],"6":[1,0],"7":[6,0],"8":[1,0],"9":[5,0]}}
,"/Users/jessicaarguello/Desktop/ChallengeUala/transaction-app/src/components/organisms/FilterSidePanel/FilterSidePanel.tsx": {"path":"/Users/jessicaarguello/Desktop/ChallengeUala/transaction-app/src/components/organisms/FilterSidePanel/FilterSidePanel.tsx","statementMap":{"0":{"start":{"line":1,"column":0},"end":{"line":1,"column":39}},"1":{"start":{"line":2,"column":0},"end":{"line":2,"column":77}},"2":{"start":{"line":3,"column":0},"end":{"line":3,"column":65}},"3":{"start":{"line":4,"column":0},"end":{"line":4,"column":46}},"4":{"start":{"line":8,"column":0},"end":{"line":8,"column":70}},"5":{"start":{"line":9,"column":0},"end":{"line":9,"column":61}},"6":{"start":{"line":10,"column":0},"end":{"line":10,"column":68}},"7":{"start":{"line":12,"column":34},"end":{"line":145,"column":1}},"8":{"start":{"line":18,"column":6},"end":{"line":18,"column":30}},"9":{"start":{"line":20,"column":40},"end":{"line":20,"column":51}},"10":{"start":{"line":22,"column":29},"end":{"line":28,"column":null}},"11":{"start":{"line":31,"column":4},"end":{"line":31,"column":45}},"12":{"start":{"line":33,"column":29},"end":{"line":36,"column":3}},"13":{"start":{"line":34,"column":4},"end":{"line":34,"column":null}},"14":{"start":{"line":35,"column":4},"end":{"line":35,"column":null}},"15":{"start":{"line":35,"column":27},"end":{"line":35,"column":35}},"16":{"start":{"line":38,"column":27},"end":{"line":48,"column":3}},"17":{"start":{"line":39,"column":4},"end":{"line":47,"column":null}},"18":{"start":{"line":50,"column":29},"end":{"line":52,"column":3}},"19":{"start":{"line":51,"column":4},"end":{"line":51,"column":null}},"20":{"start":{"line":54,"column":27},"end":{"line":66,"column":3}},"21":{"start":{"line":59,"column":23},"end":{"line":59,"column":78}},"22":{"start":{"line":59,"column":50},"end":{"line":59,"column":77}},"23":{"start":{"line":61,"column":20},"end":{"line":63,"column":34}},"24":{"start":{"line":62,"column":37},"end":{"line":62,"column":64}},"25":{"start":{"line":65,"column":4},"end":{"line":65,"column":null}},"26":{"start":{"line":68,"column":28},"end":{"line":71,"column":3}},"27":{"start":{"line":69,"column":4},"end":{"line":69,"column":null}},"28":{"start":{"line":70,"column":4},"end":{"line":70,"column":null}},"29":{"start":{"line":73,"column":29},"end":{"line":91,"column":3}},"30":{"start":{"line":74,"column":4},"end":{"line":90,"column":5}},"31":{"start":{"line":76,"column":8},"end":{"line":76,"column":null}},"32":{"start":{"line":76,"column":32},"end":{"line":76,"column":65}},"33":{"start":{"line":77,"column":8},"end":{"line":77,"column":13}},"34":{"start":{"line":79,"column":8},"end":{"line":79,"column":null}},"35":{"start":{"line":79,"column":32},"end":{"line":79,"column":54}},"36":{"start":{"line":80,"column":8},"end":{"line":80,"column":13}},"37":{"start":{"line":82,"column":8},"end":{"line":82,"column":null}},"38":{"start":{"line":82,"column":32},"end":{"line":82,"column":61}},"39":{"start":{"line":83,"column":8},"end":{"line":83,"column":13}},"40":{"start":{"line":85,"column":8},"end":{"line":85,"column":null}},"41":{"start":{"line":85,"column":32},"end":{"line":85,"column":67}},"42":{"start":{"line":86,"column":8},"end":{"line":86,"column":13}},"43":{"start":{"line":88,"column":8},"end":{"line":88,"column":null}},"44":{"start":{"line":88,"column":32},"end":{"line":88,"column":63}},"45":{"start":{"line":89,"column":8},"end":{"line":89,"column":13}},"46":{"start":{"line":93,"column":2},"end":{"line":144,"column":null}},"47":{"start":{"line":101,"column":25},"end":{"line":101,"column":43}},"48":{"start":{"line":147,"column":0},"end":{"line":147,"column":null}}},"fnMap":{"0":{"name":"(anonymous_10)","decl":{"start":{"line":12,"column":34},"end":{"line":12,"column":37}},"loc":{"start":{"line":12,"column":39},"end":{"line":145,"column":1}}},"1":{"name":"(anonymous_11)","decl":{"start":{"line":33,"column":29},"end":{"line":33,"column":32}},"loc":{"start":{"line":33,"column":34},"end":{"line":36,"column":3}}},"2":{"name":"(anonymous_12)","decl":{"start":{"line":35,"column":19},"end":{"line":35,"column":23}},"loc":{"start":{"line":35,"column":27},"end":{"line":35,"column":35}}},"3":{"name":"(anonymous_13)","decl":{"start":{"line":38,"column":27},"end":{"line":38,"column":28}},"loc":{"start":{"line":38,"column":60},"end":{"line":48,"column":3}}},"4":{"name":"(anonymous_14)","decl":{"start":{"line":50,"column":29},"end":{"line":50,"column":30}},"loc":{"start":{"line":50,"column":64},"end":{"line":52,"column":3}}},"5":{"name":"(anonymous_15)","decl":{"start":{"line":54,"column":27},"end":{"line":54,"column":null}},"loc":{"start":{"line":58,"column":6},"end":{"line":66,"column":3}}},"6":{"name":"(anonymous_16)","decl":{"start":{"line":59,"column":42},"end":{"line":59,"column":46}},"loc":{"start":{"line":59,"column":50},"end":{"line":59,"column":77}}},"7":{"name":"(anonymous_17)","decl":{"start":{"line":62,"column":29},"end":{"line":62,"column":33}},"loc":{"start":{"line":62,"column":37},"end":{"line":62,"column":64}}},"8":{"name":"(anonymous_18)","decl":{"start":{"line":68,"column":28},"end":{"line":68,"column":31}},"loc":{"start":{"line":68,"column":33},"end":{"line":71,"column":3}}},"9":{"name":"(anonymous_19)","decl":{"start":{"line":73,"column":29},"end":{"line":73,"column":30}},"loc":{"start":{"line":73,"column":47},"end":{"line":91,"column":3}}},"10":{"name":"(anonymous_20)","decl":{"start":{"line":76,"column":23},"end":{"line":76,"column":27}},"loc":{"start":{"line":76,"column":32},"end":{"line":76,"column":65}}},"11":{"name":"(anonymous_21)","decl":{"start":{"line":79,"column":23},"end":{"line":79,"column":27}},"loc":{"start":{"line":79,"column":32},"end":{"line":79,"column":54}}},"12":{"name":"(anonymous_22)","decl":{"start":{"line":82,"column":23},"end":{"line":82,"column":27}},"loc":{"start":{"line":82,"column":32},"end":{"line":82,"column":61}}},"13":{"name":"(anonymous_23)","decl":{"start":{"line":85,"column":23},"end":{"line":85,"column":27}},"loc":{"start":{"line":85,"column":32},"end":{"line":85,"column":67}}},"14":{"name":"(anonymous_24)","decl":{"start":{"line":88,"column":23},"end":{"line":88,"column":27}},"loc":{"start":{"line":88,"column":32},"end":{"line":88,"column":63}}},"15":{"name":"(anonymous_25)","decl":{"start":{"line":101,"column":19},"end":{"line":101,"column":22}},"loc":{"start":{"line":101,"column":25},"end":{"line":101,"column":43}}}},"branchMap":{"0":{"loc":{"start":{"line":41,"column":17},"end":{"line":46,"column":19}},"type":"cond-expr","locations":[{"start":{"line":42,"column":10},"end":{"line":45,"column":null}},{"start":{"line":46,"column":10},"end":{"line":46,"column":19}}]},"1":{"loc":{"start":{"line":43,"column":18},"end":{"line":43,"column":36}},"type":"binary-expr","locations":[{"start":{"line":43,"column":18},"end":{"line":43,"column":28}},{"start":{"line":43,"column":32},"end":{"line":43,"column":36}}]},"2":{"loc":{"start":{"line":44,"column":16},"end":{"line":44,"column":32}},"type":"binary-expr","locations":[{"start":{"line":44,"column":16},"end":{"line":44,"column":24}},{"start":{"line":44,"column":28},"end":{"line":44,"column":32}}]},"3":{"loc":{"start":{"line":56,"column":4},"end":{"line":56,"column":27}},"type":"default-arg","locations":[{"start":{"line":56,"column":25},"end":{"line":56,"column":27}}]},"4":{"loc":{"start":{"line":61,"column":20},"end":{"line":63,"column":34}},"type":"cond-expr","locations":[{"start":{"line":62,"column":8},"end":{"line":62,"column":65}},{"start":{"line":63,"column":8},"end":{"line":63,"column":34}}]},"5":{"loc":{"start":{"line":74,"column":4},"end":{"line":90,"column":5}},"type":"switch","locations":[{"start":{"line":75,"column":6},"end":{"line":77,"column":13}},{"start":{"line":78,"column":6},"end":{"line":80,"column":13}},{"start":{"line":81,"column":6},"end":{"line":83,"column":13}},{"start":{"line":84,"column":6},"end":{"line":86,"column":13}},{"start":{"line":87,"column":6},"end":{"line":89,"column":13}}]},"6":{"loc":{"start":{"line":96,"column":8},"end":{"line":96,"column":null}},"type":"cond-expr","locations":[{"start":{"line":96,"column":26},"end":{"line":96,"column":41}},{"start":{"line":96,"column":44},"end":{"line":96,"column":null}}]},"7":{"loc":{"start":{"line":115,"column":29},"end":{"line":115,"column":115}},"type":"cond-expr","locations":[{"start":{"line":115,"column":61},"end":{"line":115,"column":95}},{"start":{"line":115,"column":98},"end":{"line":115,"column":115}}]}},"s":{"0":1,"1":1,"2":1,"3":1,"4":1,"5":1,"6":1,"7":1,"8":11,"9":11,"10":11,"11":11,"12":11,"13":1,"14":1,"15":1,"16":11,"17":1,"18":11,"19":1,"20":11,"21":1,"22":0,"23":1,"24":0,"25":1,"26":11,"27":1,"28":1,"29":11,"30":0,"31":0,"32":0,"33":0,"34":0,"35":0,"36":0,"37":0,"38":0,"39":0,"40":0,"41":0,"42":0,"43":0,"44":0,"45":0,"46":11,"47":1,"48":1},"f":{"0":11,"1":1,"2":1,"3":1,"4":1,"5":1,"6":0,"7":0,"8":1,"9":0,"10":0,"11":0,"12":0,"13":0,"14":0,"15":1},"b":{"0":[1,0],"1":[1,0],"2":[1,0],"3":[0],"4":[0,1],"5":[0,0,0,0,0],"6":[11,0],"7":[10,1]}}
,"/Users/jessicaarguello/Desktop/ChallengeUala/transaction-app/src/components/organisms/PaymentsSection/PaymentsSection.tsx": {"path":"/Users/jessicaarguello/Desktop/ChallengeUala/transaction-app/src/components/organisms/PaymentsSection/PaymentsSection.tsx","statementMap":{"0":{"start":{"line":1,"column":0},"end":{"line":1,"column":61}},"1":{"start":{"line":2,"column":0},"end":{"line":2,"column":57}},"2":{"start":{"line":3,"column":0},"end":{"line":3,"column":81}},"3":{"start":{"line":4,"column":0},"end":{"line":4,"column":41}},"4":{"start":{"line":5,"column":0},"end":{"line":5,"column":77}},"5":{"start":{"line":6,"column":0},"end":{"line":6,"column":64}},"6":{"start":{"line":7,"column":0},"end":{"line":7,"column":74}},"7":{"start":{"line":8,"column":0},"end":{"line":8,"column":105}},"8":{"start":{"line":9,"column":0},"end":{"line":9,"column":56}},"9":{"start":{"line":10,"column":0},"end":{"line":10,"column":65}},"10":{"start":{"line":11,"column":0},"end":{"line":11,"column":81}},"11":{"start":{"line":12,"column":0},"end":{"line":12,"column":46}},"12":{"start":{"line":14,"column":0},"end":{"line":14,"column":60}},"13":{"start":{"line":15,"column":0},"end":{"line":15,"column":84}},"14":{"start":{"line":17,"column":24},"end":{"line":157,"column":1}},"15":{"start":{"line":27,"column":6},"end":{"line":27,"column":30}},"16":{"start":{"line":29,"column":42},"end":{"line":29,"column":66}},"17":{"start":{"line":30,"column":64},"end":{"line":30,"column":null}},"18":{"start":{"line":34,"column":4},"end":{"line":34,"column":28}},"19":{"start":{"line":36,"column":27},"end":{"line":59,"column":45}},"20":{"start":{"line":37,"column":4},"end":{"line":45,"column":null}},"21":{"start":{"line":38,"column":6},"end":{"line":45,"column":null}},"22":{"start":{"line":47,"column":21},"end":{"line":47,"column":62}},"23":{"start":{"line":49,"column":4},"end":{"line":50,"column":null}},"24":{"start":{"line":50,"column":6},"end":{"line":50,"column":null}},"25":{"start":{"line":52,"column":4},"end":{"line":58,"column":null}},"26":{"start":{"line":53,"column":6},"end":{"line":54,"column":null}},"27":{"start":{"line":61,"column":28},"end":{"line":63,"column":3}},"28":{"start":{"line":62,"column":4},"end":{"line":62,"column":null}},"29":{"start":{"line":65,"column":25},"end":{"line":84,"column":3}},"30":{"start":{"line":66,"column":43},"end":{"line":74,"column":6}},"31":{"start":{"line":67,"column":6},"end":{"line":68,"column":null}},"32":{"start":{"line":68,"column":8},"end":{"line":68,"column":null}},"33":{"start":{"line":69,"column":21},"end":{"line":69,"column":43}},"34":{"start":{"line":70,"column":6},"end":{"line":73,"column":null}},"35":{"start":{"line":76,"column":4},"end":{"line":81,"column":5}},"36":{"start":{"line":77,"column":6},"end":{"line":77,"column":null}},"37":{"start":{"line":78,"column":6},"end":{"line":78,"column":null}},"38":{"start":{"line":78,"column":23},"end":{"line":78,"column":53}},"39":{"start":{"line":79,"column":6},"end":{"line":79,"column":null}},"40":{"start":{"line":80,"column":6},"end":{"line":80,"column":12}},"41":{"start":{"line":83,"column":4},"end":{"line":83,"column":null}},"42":{"start":{"line":86,"column":2},"end":{"line":156,"column":null}},"43":{"start":{"line":99,"column":29},"end":{"line":99,"column":59}},"44":{"start":{"line":130,"column":33},"end":{"line":130,"column":55}},"45":{"start":{"line":159,"column":0},"end":{"line":159,"column":null}}},"fnMap":{"0":{"name":"(anonymous_1)","decl":{"start":{"line":17,"column":24},"end":{"line":17,"column":27}},"loc":{"start":{"line":17,"column":29},"end":{"line":157,"column":1}}},"1":{"name":"(anonymous_2)","decl":{"start":{"line":36,"column":35},"end":{"line":36,"column":38}},"loc":{"start":{"line":36,"column":40},"end":{"line":59,"column":3}}},"2":{"name":"(anonymous_3)","decl":{"start":{"line":52,"column":24},"end":{"line":52,"column":25}},"loc":{"start":{"line":53,"column":6},"end":{"line":54,"column":null}}},"3":{"name":"(anonymous_4)","decl":{"start":{"line":61,"column":28},"end":{"line":61,"column":31}},"loc":{"start":{"line":61,"column":33},"end":{"line":63,"column":3}}},"4":{"name":"(anonymous_5)","decl":{"start":{"line":65,"column":25},"end":{"line":65,"column":28}},"loc":{"start":{"line":65,"column":30},"end":{"line":84,"column":3}}},"5":{"name":"(anonymous_6)","decl":{"start":{"line":66,"column":63},"end":{"line":66,"column":65}},"loc":{"start":{"line":66,"column":68},"end":{"line":74,"column":5}}},"6":{"name":"(anonymous_7)","decl":{"start":{"line":78,"column":17},"end":{"line":78,"column":20}},"loc":{"start":{"line":78,"column":23},"end":{"line":78,"column":53}}},"7":{"name":"(anonymous_8)","decl":{"start":{"line":99,"column":23},"end":{"line":99,"column":26}},"loc":{"start":{"line":99,"column":29},"end":{"line":99,"column":59}}},"8":{"name":"(anonymous_9)","decl":{"start":{"line":130,"column":27},"end":{"line":130,"column":30}},"loc":{"start":{"line":130,"column":33},"end":{"line":130,"column":55}}}},"branchMap":{"0":{"loc":{"start":{"line":37,"column":4},"end":{"line":45,"column":null}},"type":"if","locations":[{"start":{"line":37,"column":4},"end":{"line":45,"column":null}},{"start":{},"end":{}}]},"1":{"loc":{"start":{"line":49,"column":4},"end":{"line":50,"column":null}},"type":"if","locations":[{"start":{"line":49,"column":4},"end":{"line":50,"column":null}},{"start":{},"end":{}}]},"2":{"loc":{"start":{"line":67,"column":6},"end":{"line":68,"column":null}},"type":"if","locations":[{"start":{"line":67,"column":6},"end":{"line":68,"column":null}},{"start":{},"end":{}}]},"3":{"loc":{"start":{"line":67,"column":10},"end":{"line":67,"column":72}},"type":"binary-expr","locations":[{"start":{"line":67,"column":10},"end":{"line":67,"column":40}},{"start":{"line":67,"column":44},"end":{"line":67,"column":72}}]},"4":{"loc":{"start":{"line":71,"column":8},"end":{"line":72,"column":44}},"type":"binary-expr","locations":[{"start":{"line":71,"column":8},"end":{"line":71,"column":46}},{"start":{"line":72,"column":8},"end":{"line":72,"column":44}}]},"5":{"loc":{"start":{"line":76,"column":4},"end":{"line":81,"column":5}},"type":"if","locations":[{"start":{"line":76,"column":4},"end":{"line":81,"column":5}},{"start":{},"end":{}}]},"6":{"loc":{"start":{"line":107,"column":11},"end":{"line":107,"column":79}},"type":"cond-expr","locations":[{"start":{"line":107,"column":33},"end":{"line":107,"column":60}},{"start":{"line":107,"column":63},"end":{"line":107,"column":79}}]},"7":{"loc":{"start":{"line":110,"column":9},"end":{"line":114,"column":null}},"type":"binary-expr","locations":[{"start":{"line":110,"column":9},"end":{"line":110,"column":24}},{"start":{"line":111,"column":10},"end":{"line":113,"column":null}}]},"8":{"loc":{"start":{"line":117,"column":9},"end":{"line":146,"column":null}},"type":"binary-expr","locations":[{"start":{"line":117,"column":9},"end":{"line":117,"column":21}},{"start":{"line":118,"column":10},"end":{"line":144,"column":null}}]},"9":{"loc":{"start":{"line":149,"column":7},"end":{"line":153,"column":null}},"type":"binary-expr","locations":[{"start":{"line":149,"column":7},"end":{"line":149,"column":27}},{"start":{"line":150,"column":8},"end":{"line":152,"column":null}}]}},"s":{"0":1,"1":1,"2":1,"3":1,"4":1,"5":1,"6":1,"7":1,"8":1,"9":1,"10":1,"11":1,"12":1,"13":1,"14":1,"15":12,"16":12,"17":12,"18":12,"19":12,"20":6,"21":2,"22":4,"23":4,"24":0,"25":4,"26":8,"27":12,"28":1,"29":12,"30":2,"31":2,"32":0,"33":2,"34":2,"35":2,"36":1,"37":1,"38":0,"39":1,"40":1,"41":1,"42":12,"43":3,"44":1,"45":1},"f":{"0":12,"1":6,"2":8,"3":1,"4":2,"5":2,"6":0,"7":3,"8":1},"b":{"0":[2,4],"1":[0,4],"2":[0,2],"3":[2,2],"4":[2,2],"5":[1,1],"6":[0,12],"7":[12,0],"8":[12,4],"9":[12,1]}}
,"/Users/jessicaarguello/Desktop/ChallengeUala/transaction-app/src/components/pages/home/HomePage.tsx": {"path":"/Users/jessicaarguello/Desktop/ChallengeUala/transaction-app/src/components/pages/home/HomePage.tsx","statementMap":{"0":{"start":{"line":1,"column":0},"end":{"line":1,"column":62}},"1":{"start":{"line":2,"column":0},"end":{"line":2,"column":60}},"2":{"start":{"line":3,"column":0},"end":{"line":3,"column":65}},"3":{"start":{"line":4,"column":0},"end":{"line":4,"column":53}},"4":{"start":{"line":5,"column":0},"end":{"line":5,"column":32}},"5":{"start":{"line":6,"column":0},"end":{"line":6,"column":77}},"6":{"start":{"line":7,"column":0},"end":{"line":7,"column":50}},"7":{"start":{"line":8,"column":0},"end":{"line":8,"column":77}},"8":{"start":{"line":10,"column":27},"end":{"line":40,"column":1}},"9":{"start":{"line":11,"column":19},"end":{"line":14,"column":null}},"10":{"start":{"line":16,"column":34},"end":{"line":16,"column":58}},"11":{"start":{"line":19,"column":6},"end":{"line":19,"column":30}},"12":{"start":{"line":21,"column":2},"end":{"line":39,"column":null}},"13":{"start":{"line":42,"column":0},"end":{"line":42,"column":null}}},"fnMap":{"0":{"name":"(anonymous_1)","decl":{"start":{"line":10,"column":27},"end":{"line":10,"column":30}},"loc":{"start":{"line":10,"column":32},"end":{"line":40,"column":1}}}},"branchMap":{"0":{"loc":{"start":{"line":30,"column":60},"end":{"line":30,"column":100}},"type":"cond-expr","locations":[{"start":{"line":30,"column":78},"end":{"line":30,"column":95}},{"start":{"line":30,"column":98},"end":{"line":30,"column":100}}]}},"s":{"0":1,"1":1,"2":1,"3":1,"4":1,"5":1,"6":1,"7":1,"8":1,"9":4,"10":4,"11":4,"12":4,"13":1},"f":{"0":4},"b":{"0":[1,3]}}
}
