TN:
SF:src/components/molecules/AmountRangeSlider/AmountRangeSlider.tsx
FN:9,(anonymous_9)
FN:15,(anonymous_10)
FN:28,(anonymous_11)
FNF:3
FNH:0
FNDA:0,(anonymous_9)
FNDA:0,(anonymous_10)
FNDA:0,(anonymous_11)
DA:1,0
DA:3,0
DA:9,0
DA:10,0
DA:11,0
DA:13,0
DA:15,0
DA:16,0
DA:17,0
DA:18,0
DA:21,0
DA:28,0
DA:40,0
LF:13
LH:0
BRF:0
BRH:0
end_of_record
TN:
SF:src/components/molecules/DateRangePicker/DateRangePicker.tsx
FN:15,(anonymous_1)
FN:24,(anonymous_2)
FNF:2
FNH:0
FNDA:0,(anonymous_1)
FNDA:0,(anonymous_2)
DA:1,0
DA:2,0
DA:3,0
DA:4,0
DA:5,0
DA:15,0
DA:22,0
DA:24,0
DA:25,0
DA:26,0
DA:29,0
LF:11
LH:0
BRDA:18,0,0,0
BRDA:26,1,0,0
BRDA:26,1,1,0
BRDA:34,2,0,0
BRDA:34,2,1,0
BRDA:69,3,0,0
BRDA:69,3,1,0
BRF:7
BRH:0
end_of_record
TN:
SF:src/components/molecules/FilterAmount/FilterAmount.tsx
FN:9,(anonymous_1)
FNF:1
FNH:0
FNDA:0,(anonymous_1)
DA:1,0
DA:3,0
DA:9,0
DA:10,0
DA:13,0
LF:5
LH:0
BRF:0
BRH:0
end_of_record
TN:
SF:src/components/molecules/FilterChips/FilterChips.tsx
FN:10,(anonymous_1)
FN:17,(anonymous_2)
FN:18,(anonymous_3)
FN:28,(anonymous_4)
FNF:4
FNH:0
FNDA:0,(anonymous_1)
FNDA:0,(anonymous_2)
FNDA:0,(anonymous_3)
FNDA:0,(anonymous_4)
DA:1,0
DA:2,0
DA:10,0
DA:15,0
DA:18,0
DA:20,0
DA:28,0
DA:41,0
LF:8
LH:0
BRDA:24,0,0,0
BRDA:24,0,1,0
BRDA:31,1,0,0
BRDA:31,1,1,0
BRF:4
BRH:0
end_of_record
TN:
SF:src/components/molecules/FilterDate/FilterDate.tsx
FN:10,(anonymous_1)
FNF:1
FNH:0
FNDA:0,(anonymous_1)
DA:2,0
DA:3,0
DA:4,0
DA:10,0
DA:11,0
DA:29,0
LF:6
LH:0
BRF:0
BRH:0
end_of_record
TN:
SF:src/components/molecules/FilterOption/FilterOption.tsx
FN:11,(anonymous_9)
FN:20,(anonymous_10)
FN:21,(anonymous_11)
FN:28,(anonymous_12)
FNF:4
FNH:4
FNDA:13,(anonymous_9)
FNDA:4,(anonymous_10)
FNDA:4,(anonymous_11)
FNDA:5,(anonymous_12)
DA:1,1
DA:11,1
DA:18,13
DA:20,13
DA:21,4
DA:22,4
DA:23,4
DA:24,4
DA:28,13
DA:29,5
DA:32,13
DA:61,1
LF:12
LH:12
BRDA:45,0,0,7
BRDA:45,0,1,6
BRDA:50,1,0,7
BRDA:50,1,1,6
BRDA:56,2,0,13
BRDA:56,2,1,7
BRDA:56,2,2,5
BRF:7
BRH:7
end_of_record
TN:
SF:src/components/molecules/InfoCard/InfoCard.tsx
FN:10,(anonymous_1)
FNF:1
FNH:0
FNDA:0,(anonymous_1)
DA:1,0
DA:10,0
DA:16,0
DA:26,0
LF:4
LH:0
BRDA:12,0,0,0
BRF:1
BRH:0
end_of_record
TN:
SF:src/components/molecules/InformativeAlert/InformativeAlert.tsx
FN:8,(anonymous_1)
FNF:1
FNH:0
FNDA:0,(anonymous_1)
DA:1,0
DA:8,0
DA:12,0
LF:3
LH:0
BRF:0
BRH:0
end_of_record
TN:
SF:src/components/molecules/NavBar/NavBar.tsx
FN:4,(anonymous_1)
FN:6,(anonymous_2)
FNF:2
FNH:0
FNDA:0,(anonymous_1)
FNDA:0,(anonymous_2)
DA:1,0
DA:2,0
DA:4,0
DA:5,0
DA:6,0
DA:15,0
LF:6
LH:0
BRF:0
BRH:0
end_of_record
TN:
SF:src/components/molecules/Sidebar/Sidebar.tsx
FN:11,(anonymous_1)
FNF:1
FNH:0
FNDA:0,(anonymous_1)
DA:1,0
DA:2,0
DA:3,0
DA:4,0
DA:5,0
DA:11,0
DA:12,0
DA:44,0
LF:8
LH:0
BRDA:15,0,0,0
BRDA:15,0,1,0
BRF:2
BRH:0
end_of_record
TN:
SF:src/components/molecules/SkeletonTransactionList/SkeletonTransactionList.tsx
FN:1,(anonymous_0)
FN:4,(anonymous_1)
FNF:2
FNH:0
FNDA:0,(anonymous_0)
FNDA:0,(anonymous_1)
DA:1,0
DA:2,0
DA:5,0
LF:3
LH:0
BRF:0
BRH:0
end_of_record
TN:
SF:src/components/molecules/SummaryTabs/SummaryTabs.tsx
FN:15,(anonymous_1)
FN:23,(anonymous_2)
FN:36,(anonymous_3)
FN:58,(anonymous_4)
FN:64,(anonymous_5)
FN:65,(anonymous_6)
FN:77,(anonymous_7)
FN:83,(anonymous_8)
FNF:8
FNH:8
FNDA:6,(anonymous_1)
FNDA:6,(anonymous_2)
FNDA:6,(anonymous_3)
FNDA:12,(anonymous_4)
FNDA:6,(anonymous_5)
FNDA:12,(anonymous_6)
FNDA:18,(anonymous_7)
FNDA:1,(anonymous_8)
DA:1,1
DA:2,1
DA:10,1
DA:11,1
DA:12,1
DA:13,1
DA:15,1
DA:18,6
DA:20,6
DA:21,6
DA:23,6
DA:24,6
DA:26,1
DA:28,5
DA:30,0
DA:32,0
DA:36,6
DA:37,6
DA:39,6
DA:41,6
DA:43,6
DA:45,1
DA:46,1
DA:47,1
DA:49,5
DA:50,5
DA:52,0
DA:53,0
DA:55,0
DA:58,6
DA:59,12
DA:60,12
DA:64,6
DA:65,12
DA:68,6
DA:70,6
DA:78,18
DA:83,1
DA:119,1
LF:39
LH:34
BRDA:24,0,0,1
BRDA:24,0,1,5
BRDA:24,0,2,0
BRDA:24,0,3,0
BRDA:37,1,0,0
BRDA:37,1,1,6
BRDA:43,2,0,1
BRDA:43,2,1,5
BRDA:43,2,2,0
BRDA:43,2,3,0
BRDA:81,3,0,6
BRDA:81,3,1,12
BRDA:91,4,0,0
BRDA:91,4,1,6
BRDA:98,5,0,6
BRDA:98,5,1,6
BRF:16
BRH:10
end_of_record
TN:
SF:src/components/molecules/TransactionItem/TransactionItem.tsx
FN:13,(anonymous_1)
FN:19,(anonymous_2)
FNF:2
FNH:2
FNDA:5,(anonymous_1)
FNDA:5,(anonymous_2)
DA:1,1
DA:4,1
DA:6,1
DA:13,1
DA:18,5
DA:19,5
DA:22,5
LF:7
LH:7
BRDA:18,0,0,5
BRDA:18,0,1,0
BRF:2
BRH:1
end_of_record
TN:
SF:src/components/molecules/UserHeader/UserHeader.tsx
FN:6,(anonymous_0)
FNF:1
FNH:0
FNDA:0,(anonymous_0)
DA:6,0
DA:7,0
DA:16,0
LF:3
LH:0
BRF:0
BRH:0
end_of_record
TN:
SF:src/components/organisms/DownloadApp/DownloadApp.tsx
FN:5,(anonymous_1)
FNF:1
FNH:1
FNDA:3,(anonymous_1)
DA:1,1
DA:2,1
DA:3,1
DA:5,1
DA:6,3
DA:24,1
LF:6
LH:6
BRF:0
BRH:0
end_of_record
TN:
SF:src/components/organisms/FilterOptionList/FilterOptionList.tsx
FN:29,(anonymous_1)
FN:41,(anonymous_2)
FN:51,(anonymous_3)
FN:59,(anonymous_4)
FN:61,(anonymous_5)
FN:77,(anonymous_6)
FN:85,(anonymous_7)
FN:87,(anonymous_8)
FN:103,(anonymous_9)
FN:107,(anonymous_10)
FN:121,(anonymous_11)
FN:127,(anonymous_12)
FNF:12
FNH:7
FNDA:6,(anonymous_1)
FNDA:30,(anonymous_2)
FNDA:2,(anonymous_3)
FNDA:0,(anonymous_4)
FNDA:0,(anonymous_5)
FNDA:2,(anonymous_6)
FNDA:0,(anonymous_7)
FNDA:0,(anonymous_8)
FNDA:1,(anonymous_9)
FNDA:0,(anonymous_10)
FNDA:30,(anonymous_11)
FNDA:5,(anonymous_12)
DA:3,1
DA:5,1
DA:6,1
DA:7,1
DA:8,1
DA:29,1
DA:41,6
DA:42,30
DA:44,6
DA:47,6
DA:52,2
DA:53,1
DA:58,1
DA:59,0
DA:61,1
DA:62,0
DA:70,6
DA:78,2
DA:79,1
DA:84,1
DA:85,0
DA:87,1
DA:88,0
DA:96,6
DA:99,6
DA:104,1
DA:108,0
DA:115,0
DA:119,6
DA:122,30
DA:128,5
DA:138,1
LF:32
LH:26
BRDA:42,0,0,6
BRDA:42,0,1,6
BRDA:42,0,2,6
BRDA:42,0,3,6
BRDA:42,0,4,6
BRDA:42,0,5,0
BRDA:50,1,0,6
BRDA:50,1,1,0
BRDA:52,2,0,1
BRDA:52,2,1,1
BRDA:58,3,0,1
BRDA:58,3,1,0
BRDA:76,4,0,6
BRDA:76,4,1,0
BRDA:78,5,0,1
BRDA:78,5,1,1
BRDA:84,6,0,1
BRDA:84,6,1,0
BRDA:102,7,0,6
BRDA:102,7,1,0
BRDA:106,8,0,1
BRDA:106,8,1,0
BRDA:128,9,0,5
BRDA:128,9,1,0
BRF:24
BRH:16
end_of_record
TN:
SF:src/components/organisms/FilterSidePanel/FilterSidePanel.tsx
FN:12,(anonymous_10)
FN:33,(anonymous_11)
FN:35,(anonymous_12)
FN:38,(anonymous_13)
FN:50,(anonymous_14)
FN:54,(anonymous_15)
FN:59,(anonymous_16)
FN:62,(anonymous_17)
FN:68,(anonymous_18)
FN:73,(anonymous_19)
FN:76,(anonymous_20)
FN:79,(anonymous_21)
FN:82,(anonymous_22)
FN:85,(anonymous_23)
FN:88,(anonymous_24)
FN:101,(anonymous_25)
FNF:16
FNH:8
FNDA:11,(anonymous_10)
FNDA:1,(anonymous_11)
FNDA:1,(anonymous_12)
FNDA:1,(anonymous_13)
FNDA:1,(anonymous_14)
FNDA:1,(anonymous_15)
FNDA:0,(anonymous_16)
FNDA:0,(anonymous_17)
FNDA:1,(anonymous_18)
FNDA:0,(anonymous_19)
FNDA:0,(anonymous_20)
FNDA:0,(anonymous_21)
FNDA:0,(anonymous_22)
FNDA:0,(anonymous_23)
FNDA:0,(anonymous_24)
FNDA:1,(anonymous_25)
DA:1,1
DA:2,1
DA:3,1
DA:4,1
DA:8,1
DA:9,1
DA:10,1
DA:12,1
DA:18,11
DA:20,11
DA:22,11
DA:31,11
DA:33,11
DA:34,1
DA:35,1
DA:38,11
DA:39,1
DA:50,11
DA:51,1
DA:54,11
DA:59,1
DA:61,1
DA:62,0
DA:65,1
DA:68,11
DA:69,1
DA:70,1
DA:73,11
DA:74,0
DA:76,0
DA:77,0
DA:79,0
DA:80,0
DA:82,0
DA:83,0
DA:85,0
DA:86,0
DA:88,0
DA:89,0
DA:93,11
DA:101,1
DA:147,1
LF:42
LH:30
BRDA:41,0,0,1
BRDA:41,0,1,0
BRDA:43,1,0,1
BRDA:43,1,1,0
BRDA:44,2,0,1
BRDA:44,2,1,0
BRDA:56,3,0,0
BRDA:61,4,0,0
BRDA:61,4,1,1
BRDA:74,5,0,0
BRDA:74,5,1,0
BRDA:74,5,2,0
BRDA:74,5,3,0
BRDA:74,5,4,0
BRDA:96,6,0,11
BRDA:96,6,1,0
BRDA:115,7,0,10
BRDA:115,7,1,1
BRF:18
BRH:7
end_of_record
TN:
SF:src/components/organisms/PaymentsSection/PaymentsSection.tsx
FN:17,(anonymous_1)
FN:36,(anonymous_2)
FN:52,(anonymous_3)
FN:61,(anonymous_4)
FN:65,(anonymous_5)
FN:66,(anonymous_6)
FN:78,(anonymous_7)
FN:99,(anonymous_8)
FN:130,(anonymous_9)
FNF:9
FNH:8
FNDA:12,(anonymous_1)
FNDA:6,(anonymous_2)
FNDA:8,(anonymous_3)
FNDA:1,(anonymous_4)
FNDA:2,(anonymous_5)
FNDA:2,(anonymous_6)
FNDA:0,(anonymous_7)
FNDA:3,(anonymous_8)
FNDA:1,(anonymous_9)
DA:1,1
DA:2,1
DA:3,1
DA:4,1
DA:5,1
DA:6,1
DA:7,1
DA:8,1
DA:9,1
DA:10,1
DA:11,1
DA:12,1
DA:14,1
DA:15,1
DA:17,1
DA:27,12
DA:29,12
DA:30,12
DA:34,12
DA:36,12
DA:37,6
DA:38,2
DA:47,4
DA:49,4
DA:50,0
DA:52,4
DA:53,8
DA:61,12
DA:62,1
DA:65,12
DA:66,2
DA:67,2
DA:68,0
DA:69,2
DA:70,2
DA:76,2
DA:77,1
DA:78,1
DA:79,1
DA:80,1
DA:83,1
DA:86,12
DA:99,3
DA:130,1
DA:159,1
LF:45
LH:43
BRDA:37,0,0,2
BRDA:37,0,1,4
BRDA:49,1,0,0
BRDA:49,1,1,4
BRDA:67,2,0,0
BRDA:67,2,1,2
BRDA:67,3,0,2
BRDA:67,3,1,2
BRDA:71,4,0,2
BRDA:71,4,1,2
BRDA:76,5,0,1
BRDA:76,5,1,1
BRDA:107,6,0,0
BRDA:107,6,1,12
BRDA:110,7,0,12
BRDA:110,7,1,0
BRDA:117,8,0,12
BRDA:117,8,1,4
BRDA:149,9,0,12
BRDA:149,9,1,1
BRF:20
BRH:16
end_of_record
TN:
SF:src/components/pages/home/HomePage.tsx
FN:10,(anonymous_1)
FNF:1
FNH:1
FNDA:4,(anonymous_1)
DA:1,1
DA:2,1
DA:3,1
DA:4,1
DA:5,1
DA:6,1
DA:7,1
DA:8,1
DA:10,1
DA:11,4
DA:16,4
DA:19,4
DA:21,4
DA:42,1
LF:14
LH:14
BRDA:30,0,0,1
BRDA:30,0,1,3
BRF:2
BRH:2
end_of_record
